 IPER  ISTEP  TLEN  IDB  ILYR  IROW  ICOL  CHEAD  COM  EST  HC  RERR
 1          1          0.38313807       1          1          1          2          100              0.00063422573    400              490              3.787049e-09    
 1          2          0.78543304       1          1          1          2          100              0.0010355357     400              490              2.0236766e-09   
 1          3          1.2078428        1          1          1          2          100              0.0014533084     400              490              1.1787469e-09   
 1          4          1.651373         1          1          1          2          100              0.0018871054     400              490              5.3089043e-09   
 1          5          2.1170797        1          1          1          2          100              0.0023366803     400              490              6.6636934e-09   
 1          6          2.6060717        1          1          1          2          100              0.0028018523     400              490              6.6277963e-09   
 1          7          3.1195134        1          1          1          2          100              0.0032824532     400              490              6.1976026e-09   
 1          8          3.6586271        1          1          1          2          100              0.0037783008     400              490              5.6844057e-09   
 1          9          4.2246966        1          1          1          2          100              0.0042891818     400              490              5.1824437e-09   
 1          10         4.8190695        1          1          1          2          100              0.004814841      400              490              4.7319072e-09   
 1          11         5.443161         1          1          1          2          100              0.0053549729     400              490              4.3177988e-09   
 1          12         6.0984571        1          1          1          2          100              0.0059092145     400              490              3.9504258e-09   
 1          13         6.7865181        1          1          1          2          100              0.0064771403     400              490              3.6287931e-09   
 1          14         7.508982         1          1          1          2          100              0.0070582579     400              490              3.3458749e-09   
 1          15         8.2675692        1          1          1          2          100              0.0076520044     400              490              5.4566453e-09   
 1          16         9.0640857        1          1          1          2          100              0.0082577433     400              490              6.5922907e-09   
 1          17         9.9004281        1          1          1          2          100              0.0088747633     400              490              7.0868227e-09   
 1          18         10.778588        1          1          1          2          100              0.0095022767     400              490              7.1581457e-09   
 1          19         11.700655        1          1          1          2          100              0.01013942       400              490              6.9421824e-09   
 1          20         12.668826        1          1          1          2          100              0.010785253      400              490              1.2955876e-08   
 1          21         13.685405        1          1          1          2          100              0.011439587      400              490              1.3642144e-08   
 1          22         14.752814        1          1          1          2          100              0.012102268      400              490              1.399926e-08    
 1          23         15.873592        1          1          1          2          100              0.012773186      400              490              1.4149558e-08   
 1          24         17.05041         1          1          1          2          100              0.013452271      400              490              1.415621e-08    
 1          25         18.286069        1          1          1          2          100              0.014139501      400              490              1.4067331e-08   
 1          26         19.58351         1          1          1          2          100              0.014834908      400              490              1.3909195e-08   
 1          27         20.945824        1          1          1          2          100              0.015538571      400              490              1.3699843e-08   
 1          28         22.376253        1          1          1          2          100              0.016250623      400              490              1.345638e-08    
 1          29         23.878204        1          1          1          2          100              0.016971249      400              490              1.3186577e-08   
 1          30         25.455252        1          1          1          2          100              0.017700678      400              490              1.2898694e-08   
 1          31         27.111152        1          1          1          2          100              0.018439183      400              490              1.2597191e-08   
 1          32         28.849848        1          1          1          2          100              0.01918707       400              490              1.2286728e-08   
 1          33         30.675479        1          1          1          2          100              0.019944673      400              490              1.196904e-08    
 1          34         32.592391        1          1          1          2          100              0.020712338      400              490              1.1643379e-08   
 1          35         34.605148        1          1          1          2          100              0.021490419      400              490              1.1312203e-08   
 1          36         36.718544        1          1          1          2          100              0.022279254      400              490              1.0976784e-08   
 1          37         38.937609        1          1          1          2          100              0.023079159      400              490              1.0634934e-08   
 1          38         41.267627        1          1          1          2          100              0.023890408      400              490              1.0288354e-08   
 1          39         43.714147        1          1          1          2          100              0.02471328       400              490              1.0117971e-08   
 1          40         46.282992        1          1          1          2          100              0.025548149      400              490              9.9324086e-09   
 1          41         48.98028         1          1          1          2          100              0.026395479      400              490              9.7417135e-09   
 1          42         51.812432        1          1          1          2          100              0.027255822      400              490              9.5457196e-09   
 1          43         54.786192        1          1          1          2          100              0.02812981       400              490              9.3480521e-09   
 1          44         57.908639        1          1          1          2          100              0.029018146      400              490              9.1494036e-09   
 1          45         61.187209        1          1          1          2          100              0.029921593      400              490              8.9520822e-09   
 1          46         64.629708        1          1          1          2          100              0.030840953      400              490              8.7522364e-09   
 1          47         68.244331        1          1          1          2          100              0.031777054      400              490              8.5518659e-09   
 1          48         72.039686        1          1          1          2          100              0.032730731      400              490              8.3487573e-09   
 1          49         76.024808        1          1          1          2          100              0.0337028        400              490              8.1449156e-09   
 1          50         80.209187        1          1          1          2          100              0.034694038      400              490              7.9379388e-09   
 1          51         84.602784        1          1          1          2          100              0.035705161      400              490              7.7262063e-09   
 1          52         89.216062        1          1          1          2          100              0.0367368        400              490              7.7138549e-09   
 1          53         94.060003        1          1          1          2          100              0.037789548      400              490              7.6494553e-09   
 1          54         99.146141        1          1          1          2          100              0.038864005      400              490              7.4962328e-09   
 1          55         104.48659        1          1          1          2          100              0.0399608        400              490              7.3417705e-09   
 1          56         110.09405        1          1          1          2          100              0.04108062       400              490              7.1867986e-09   
 1          57         115.98189        1          1          1          2          100              0.042224203      400              490              7.0319889e-09   
 1          58         122.16413        1          1          1          2          100              0.043392344      400              490              6.8763458e-09   
 1          59         128.65547        1          1          1          2          100              0.044585877      400              490              6.7186424e-09   
 1          60         135.47138        1          1          1          2          100              0.04580565       400              490              6.5591954e-09   
 1          61         142.62809        1          1          1          2          100              0.047052503      400              490              6.3979245e-09   
 1          62         150.14263        1          1          1          2          99.999999        0.04832723       400              490              8.5681371e-09   
 1          63         158.0329         1          1          1          2          99.999998        0.049630583      400              490              8.3836176e-09   
 1          64         166.31769        1          1          1          2          99.999997        0.050963297      400              490              8.2000275e-09   
 1          65         175.01671        1          1          1          2          99.999993        0.05232612       400.00001        490              8.018438e-09    
 1          66         184.15068        1          1          1          2          99.999986        0.053719846      400.00001        490              7.837879e-09    
 1          67         193.74135        1          1          1          2          99.999974        0.055145326      400.00003        490              7.6574385e-09   
 1          68         203.81156        1          1          1          2          99.999952        0.056603464      400.00005        490              7.4771875e-09   
 1          69         214.38528        1          1          1          2          99.999912        0.0580952        400.00009        490              7.2957091e-09   
 1          70         225.48768        1          1          1          2          99.999845        0.05962148       400.00016        490              7.1123817e-09   
 1          71         237.1452         1          1          1          2          99.999731        0.061183231      400.00027        490              6.959951e-09    
 1          72         249.3856         1          1          1          2          99.999543        0.062781362      400.00046        490              6.8077163e-09   
 1          73         262.23802        1          1          1          2          99.999239        0.064416792      400.00076        490              6.6562408e-09   
 1          74         275.73305        1          1          1          2          99.99876         0.066090478      400.00124        490              6.5053051e-09   
 1          75         289.90284        1          1          1          2          99.998016        0.067803426      400.00198        490              6.3546004e-09   
 1          76         304.78113        1          1          1          2          99.996883        0.06955669       400.00312        490              6.2028842e-09   
 1          77         320.40332        1          1          1          2          99.995192        0.071351349      400.00481        490              8.5981821e-09   
 1          78         336.80662        1          1          1          2          99.992707        0.073188486      400.00729        490              8.4325375e-09   
 1          79         354.03009        1          1          1          2          99.989121        0.075069182      400.01088        490              8.2398484e-09   
 1          80         372.11474        1          1          1          2          99.984028        0.076994538      400.01597        490              8.0484172e-09   
 1          81         391.10361        1          1          1          2          99.976907        0.078965695      400.02309        490              7.858662e-09    
 1          82         411.04193        1          1          1          2          99.967101        0.080983841      400.0329         490              7.6695389e-09   
 1          83         431.97716        1          1          1          2          99.95379         0.083050198      400.04621        490              9.0973486e-09   
 1          84         453.95916        1          1          1          2          99.935976        0.085166003      400.06402        490              8.9110432e-09   
 1          85         477.04026        1          1          1          2          99.912451        0.087332508      400.08755        490              8.7039739e-09   
 1          86         501.27541        1          1          1          2          99.881787        0.089550992      400.11821        490              8.4989234e-09   
 1          87         526.72232        1          1          1          2          99.842309        0.09182278       400.15769        490              8.2955963e-09   
 1          88         553.44157        1          1          1          2          99.792088        0.094149234      400.20791        490              1.046023e-08    
 1          89         581.49679        1          1          1          2          99.72893         0.096531749      400.27107        490              1.0235075e-08   
 1          90         610.95476        1          1          1          2          99.650373        0.098971739      400.34963        490              9.9933881e-09   
 1          91         641.88564        1          1          1          2          99.553692        0.10147065       400.44631        490              9.7557607e-09   
 1          92         674.36306        1          1          1          2          99.435907        0.10402998       400.56409        490              1.4408863e-08   
 1          93         708.46435        1          1          1          2          99.293801        0.10665126       400.7062         490              1.4067389e-08   
 1          94         744.27071        1          1          1          2          99.123948        0.10933603       400.87605        490              1.3732445e-08   
 1          95         781.86738        1          1          1          2          98.922742        0.1120859        401.07726        490              1.3403408e-08   
 1          96         821.34389        1          1          1          2          98.686434        0.11490249       401.31357        490              1.3078832e-08   
 1          97         862.79422        1          1          1          2          98.411175        0.11778748       401.58882        490              1.327343e-08    
 1          98         906.31707        1          1          1          2          98.093066        0.1207426        401.90693        490              1.2957327e-08   
 1          99         952.01606        1          1          1          2          97.728202        0.12376959       402.2718         490              1.9362123e-08   
 1          100        1000             1          1          1          2          97.312733        0.12687027       402.68727        490              2.2602412e-08   
