 IPER  ISTEP  TLEN  IDB  ILYR  IROW  ICOL  CHEAD  COM  EST  HC  RERR
 1          1          0.38313807       1          1          1          2          10               0.0057615437     490              490              3.6599046e-08   
 1          2          0.78543304       1          1          1          2          10               0.011743771      490              490              3.720731e-08    
 1          3          1.2078428        1          1          1          2          10               0.017952093      490              490              4.2719104e-08   
 1          4          1.651373         1          1          1          2          10               0.024391789      490              490              4.2374721e-08   
 1          5          2.1170797        1          1          1          2          10               0.031067981      490              490              4.2489784e-08   
 1          6          2.6060717        1          1          1          2          10               0.037985604      490              490              4.2900991e-08   
 1          7          3.1195134        1          1          1          2          10               0.045149378      490              490              4.3647881e-08   
 1          8          3.6586271        1          1          1          2          10               0.052563783      490              490              4.4196411e-08   
 1          9          4.2246966        1          1          1          2          10               0.060233029      490              490              4.4793716e-08   
 1          10         4.8190695        1          1          1          2          10               0.068161026      490              490              4.5423163e-08   
 1          11         5.443161         1          1          1          2          10               0.076351357      490              490              4.6047245e-08   
 1          12         6.0984571        1          1          1          2          10               0.084807252      490              490              4.6638659e-08   
 1          13         6.7865181        1          1          1          2          10               0.093531565      490              490              4.7334171e-08   
 1          14         7.508982         1          1          1          2          10               0.10252674       490              490              4.7830456e-08   
 1          15         8.2675692        1          1          1          2          10               0.11179481       490              490              4.8295329e-08   
 1          16         9.0640857        1          1          1          2          10               0.12133736       490              490              4.8715509e-08   
 1          17         9.9004281        1          1          1          2          10               0.13115551       490              490              4.9103909e-08   
 1          18         10.778588        1          1          1          2          10               0.14124993       490              490              4.9359301e-08   
 1          19         11.700655        1          1          1          2          10               0.15162082       490              490              4.9543874e-08   
 1          20         12.668826        1          1          1          2          10               0.16226789       490              490              4.9649839e-08   
 1          21         13.685405        1          1          1          2          10               0.17319042       490              490              4.9675677e-08   
 1          22         14.752814        1          1          1          2          10               0.18438722       490              490              4.9619572e-08   
 1          23         15.873592        1          1          1          2          10               0.19585667       490              490              4.9488072e-08   
 1          24         17.05041         1          1          1          2          10               0.20759678       490              490              4.9274472e-08   
 1          25         18.286069        1          1          1          2          10               0.21960517       490              490              4.8975356e-08   
 1          26         19.58351         1          1          1          2          10               0.23187916       490              490              4.8601789e-08   
 1          27         20.945824        1          1          1          2          10               0.24441582       490              490              4.8160023e-08   
 1          28         22.376253        1          1          1          2          10               0.25721202       490              490              4.7660721e-08   
 1          29         23.878204        1          1          1          2          10               0.2702645        490              490              4.7104986e-08   
 1          30         25.455252        1          1          1          2          10               0.28356994       490              490              4.6499834e-08   
 1          31         27.111152        1          1          1          2          10               0.29712509       490              490              4.5853711e-08   
 1          32         28.849848        1          1          1          2          10               0.3109268        490              490              4.5176399e-08   
 1          33         30.675479        1          1          1          2          10               0.32497215       490              490              4.4475323e-08   
 1          34         32.592391        1          1          1          2          10               0.33925855       490              490              4.3756133e-08   
 1          35         34.605148        1          1          1          2          10               0.35378381       490              490              4.3029858e-08   
 1          36         36.718544        1          1          1          2          10               0.36854627       490              490              4.230354e-08    
 1          37         38.937609        1          1          1          2          10               0.38354487       490              490              4.1585356e-08   
 1          38         41.267627        1          1          1          2          9.9999999        0.39877924       490              490              4.0878268e-08   
 1          39         43.714147        1          1          1          2          9.9999999        0.4142498        490              490              4.0186769e-08   
 1          40         46.282992        1          1          1          2          9.9999999        0.42995782       490              490              3.9517398e-08   
 1          41         48.98028         1          1          1          2          9.9999998        0.44590549       490              490              3.8871233e-08   
 1          42         51.812432        1          1          1          2          9.9999997        0.46209593       490              490              3.8248836e-08   
 1          43         54.786192        1          1          1          2          9.9999995        0.47853329       490              490              3.7653332e-08   
 1          44         57.908639        1          1          1          2          9.9999992        0.49522273       490              490              3.7087947e-08   
 1          45         61.187209        1          1          1          2          9.9999987        0.51217041       490              490              3.65489e-08     
 1          46         64.629708        1          1          1          2          9.999998         0.52938352       490              490              3.6031403e-08   
 1          47         68.244331        1          1          1          2          9.999997         0.54687023       490              490              3.5541323e-08   
 1          48         72.039686        1          1          1          2          9.9999954        0.56463965       490              490              3.5074223e-08   
 1          49         76.024808        1          1          1          2          9.999993         0.58270177       490.00001        490.00001        3.462886e-08    
 1          50         80.209187        1          1          1          2          9.9999895        0.60106743       490.00001        490.00001        3.4202346e-08   
 1          51         84.602784        1          1          1          2          9.9999842        0.61974823       490.00002        490.00002        3.3794865e-08   
 1          52         89.216062        1          1          1          2          9.9999766        0.63875643       490.00002        490.00002        3.3403837e-08   
 1          53         94.060003        1          1          1          2          9.9999654        0.65810491       490.00003        490.00003        3.3027396e-08   
 1          54         99.146141        1          1          1          2          9.9999493        0.67780709       490.00005        490.00005        3.2666914e-08   
 1          55         104.48659        1          1          1          2          9.9999261        0.69787682       490.00007        490.00007        3.2319031e-08   
 1          56         110.09405        1          1          1          2          9.9998932        0.71832836       490.00011        490.00011        3.1983493e-08   
 1          57         115.98189        1          1          1          2          9.9998465        0.73917626       490.00015        490.00015        3.1660584e-08   
 1          58         122.16413        1          1          1          2          9.9997811        0.76043536       490.00022        490.00022        3.1347297e-08   
 1          59         128.65547        1          1          1          2          9.9996898        0.78212069       490.00031        490.00031        3.1046045e-08   
 1          60         135.47138        1          1          1          2          9.9995635        0.80424749       490.00044        490.00044        3.0755793e-08   
 1          61         142.62809        1          1          1          2          9.9993902        0.82683113       490.00061        490.00061        3.0472615e-08   
 1          62         150.14263        1          1          1          2          9.999154         0.84988715       490.00085        490.00085        3.0196374e-08   
 1          63         158.0329         1          1          1          2          9.9988347        0.87343119       490.00117        490.00117        2.9929859e-08   
 1          64         166.31769        1          1          1          2          9.9984062        0.89747905       490.00159        490.00159        2.9671084e-08   
 1          65         175.01671        1          1          1          2          9.9978357        0.92204666       490.00216        490.00216        2.9420397e-08   
 1          66         184.15068        1          1          1          2          9.9970821        0.94715009       490.00292        490.00292        2.9177002e-08   
 1          67         193.74135        1          1          1          2          9.9960943        0.97280559       490.00391        490.00391        2.8941703e-08   
 1          68         203.81156        1          1          1          2          9.9948097        0.99902961       490.00519        490.00519        2.8714712e-08   
 1          69         214.38528        1          1          1          2          9.9931522        1.0258388        490.00685        490.00685        2.8493969e-08   
 1          70         225.48768        1          1          1          2          9.9910303        1.05325          490.00897        490.00897        2.8280377e-08   
 1          71         237.1452         1          1          1          2          9.9883353        1.0812804        490.01166        490.01166        2.807141e-08    
 1          72         249.3856         1          1          1          2          9.984939         1.1099473        490.01506        490.01506        2.7870591e-08   
 1          73         262.23802        1          1          1          2          9.9806925        1.1392686        490.01931        490.01931        2.7675418e-08   
 1          74         275.73305        1          1          1          2          9.9754239        1.1692621        490.02458        490.02458        2.7486026e-08   
 1          75         289.90284        1          1          1          2          9.9689376        1.1999464        490.03106        490.03106        2.7302983e-08   
 1          76         304.78113        1          1          1          2          9.9610132        1.23134          490.03899        490.03899        2.7125728e-08   
 1          77         320.40332        1          1          1          2          9.9514051        1.2634621        490.04859        490.04859        2.6954414e-08   
 1          78         336.80662        1          1          1          2          9.9398426        1.2963322        490.06016        490.06016        2.6789746e-08   
 1          79         354.03009        1          1          1          2          9.9260308        1.3299701        490.07397        490.07397        2.6630984e-08   
 1          80         372.11474        1          1          1          2          9.9096522        1.3643962        490.09035        490.09035        2.6477754e-08   
 1          81         391.10361        1          1          1          2          9.8903685        1.3996312        490.10963        490.10963        2.6331601e-08   
 1          82         411.04193        1          1          1          2          9.8678239        1.4356963        490.13218        490.13218        2.619342e-08    
 1          83         431.97716        1          1          1          2          9.8416484        1.4726132        490.15835        490.15835        2.6063779e-08   
 1          84         453.95916        1          1          1          2          9.811462         1.5104038        490.18854        490.18854        2.5942643e-08   
 1          85         477.04026        1          1          1          2          9.7768792        1.5490909        490.22312        490.22312        2.5832005e-08   
 1          86         501.27541        1          1          1          2          9.737514         1.5886973        490.26249        490.26249        2.5734499e-08   
 1          87         526.72232        1          1          1          2          9.6929853        1.6292466        490.30701        490.30701        2.5651844e-08   
 1          88         553.44157        1          1          1          2          9.6429223        1.6707625        490.35708        490.35708        2.5586052e-08   
 1          89         581.49679        1          1          1          2          9.5869694        1.7132693        490.41303        490.41303        2.5539442e-08   
 1          90         610.95476        1          1          1          2          9.5247921        1.7567916        490.47521        490.47521        2.551623e-08    
 1          91         641.88564        1          1          1          2          9.456081         1.801354         490.54392        490.54392        2.551951e-08    
 1          92         674.36306        1          1          1          2          9.380557         1.8469815        490.61944        490.61944        2.5552902e-08   
 1          93         708.46435        1          1          1          2          9.2979748        1.8936988        490.70203        490.70203        2.5619428e-08   
 1          94         744.27071        1          1          1          2          9.2081264        1.9415306        490.79187        490.79187        2.5723637e-08   
 1          95         781.86738        1          1          1          2          9.1108435        1.9905009        490.88916        490.88916        2.5868809e-08   
 1          96         821.34389        1          1          1          2          9.0059999        2.0406333        490.994          490.994          2.6057891e-08   
 1          97         862.79422        1          1          1          2          8.8935125        2.0919498        491.10649        491.10649        2.6293472e-08   
 1          98         906.31707        1          1          1          2          8.773342         2.1444714        491.22666        491.22666        2.6577733e-08   
 1          99         952.01606        1          1          1          2          8.6454927        2.1982166        491.35451        491.35451        2.6912911e-08   
 1          100        1000             1          1          1          2          8.5100124        2.2532019        491.48999        491.48999        2.7298554e-08   
