d:\git_project\comus-sub\comus-sub-source code\comus\x64\release\vc143.pdb
d:\git_project\comus-sub\comus-sub-source code\comus\x64\release\.netframework,version=v4.7.2.assemblyattributes.obj
d:\git_project\comus-sub\comus-sub-source code\comus\x64\release\well.obj
d:\git_project\comus-sub\comus-sub-source code\comus\x64\release\stdafx.obj
d:\git_project\comus-sub\comus-sub-source code\comus\x64\release\solver.obj
d:\git_project\comus-sub\comus-sub-source code\comus\x64\release\shb.obj
d:\git_project\comus-sub\comus-sub-source code\comus\x64\release\resultval.obj
d:\git_project\comus-sub\comus-sub-source code\comus\x64\release\regbudget.obj
d:\git_project\comus-sub\comus-sub-source code\comus\x64\release\rchg.obj
d:\git_project\comus-sub\comus-sub-source code\comus\x64\release\pressperiod.obj
d:\git_project\comus-sub\comus-sub-source code\comus\x64\release\memtable.obj
d:\git_project\comus-sub\comus-sub-source code\comus\x64\release\landsub.obj
d:\git_project\comus-sub\comus-sub-source code\comus\x64\release\gridlyr.obj
d:\git_project\comus-sub\comus-sub-source code\comus\x64\release\gridcell.obj
d:\git_project\comus-sub\comus-sub-source code\comus\x64\release\gdwater.obj
d:\git_project\comus-sub\comus-sub-source code\comus\x64\release\comusmain.obj
d:\git_project\comus-sub\comus-sub-source code\comus\x64\release\chbcell.obj
d:\git_project\comus-sub\comus-sub-source code\comus\x64\release\bndhandler.obj
d:\git_project\comus-sub\comus-sub-source code\x64\release\comus.exe
d:\git_project\comus-sub\comus-sub-source code\comus\x64\release\msado15.tli
d:\git_project\comus-sub\comus-sub-source code\comus\x64\release\msado15.tlh
d:\git_project\comus-sub\comus-sub-source code\comus\x64\release\comus.tlog\cl.command.1.tlog
d:\git_project\comus-sub\comus-sub-source code\comus\x64\release\comus.tlog\cl.items.tlog
d:\git_project\comus-sub\comus-sub-source code\comus\x64\release\comus.tlog\cl.read.1.tlog
d:\git_project\comus-sub\comus-sub-source code\comus\x64\release\comus.tlog\cl.write.1.tlog
d:\git_project\comus-sub\comus-sub-source code\comus\x64\release\comus.tlog\link.command.1.tlog
d:\git_project\comus-sub\comus-sub-source code\comus\x64\release\comus.tlog\link.read.1.tlog
d:\git_project\comus-sub\comus-sub-source code\comus\x64\release\comus.tlog\link.secondary.1.tlog
d:\git_project\comus-sub\comus-sub-source code\comus\x64\release\comus.tlog\link.write.1.tlog
d:\git_project\comus-sub\comus-sub-source code\comus\x64\release\comus.tlog\metagen.read.1.tlog
d:\git_project\comus-sub\comus-sub-source code\comus\x64\release\comus.tlog\metagen.write.1.tlog
d:\git_project\comus-sub\comus-sub-source code\comus\x64\release\comus.tlog\msado15.dll.bi
