 IPER  ISTEP  TLEN  IDB  ILYR  IROW  ICOL  CHEAD  COM  EST  HC  RERR
 1          1          0.38313807       1          1          1          2          66.67438         0.2050376        433.32562        490              2.6914887e-07   
 1          2          0.78543304       1          1          1          2          39.041836        0.31604897       460.95816        490              7.5364604e-07   
 1          3          1.2078428        1          1          1          2          23.398133        0.40295313       476.60187        490              3.255145e-06    
 1          4          1.651373         1          1          1          2          15.705554        0.47772489       484.29445        490              4.0288242e-06   
 1          5          2.1170797        1          1          1          2          12.240471        0.54508374       487.75953        490              3.8353862e-06   
 1          6          2.6060717        1          1          1          2          10.802812        0.60747945       489.19719        490              3.4725078e-06   
 1          7          3.1195134        1          1          1          2          10.258303        0.66637318       489.7417         490              3.1656251e-06   
 1          8          3.6586271        1          1          1          2          10.073007        0.72271729       489.92699        490              2.9188283e-06   
 1          9          4.2246966        1          1          1          2          10.017596        0.77717295       489.9824         490              2.714863e-06    
 1          10         4.8190695        1          1          1          2          10.003469        0.83022162       489.99653        490              2.5414101e-06   
 1          11         5.443161         1          1          1          2          10.000526        0.88222744       489.99947        490              2.3915996e-06   
 1          12         6.0984571        1          1          1          2          10.000055        0.93347452       489.99994        490              2.2603024e-06   
 1          13         6.7865181        1          1          1          2          10.000003        0.98419044       490              490              2.1503357e-06   
 1          14         7.508982         1          1          1          2          10               1.0345617        490              490              2.0514269e-06   
 1          15         8.2675692        1          1          1          2          10               1.0847442        490              490              1.9599396e-06   
 1          16         9.0640857        1          1          1          2          10               1.1348707        490              490              1.8763429e-06   
 1          17         9.9004281        1          1          1          2          10               1.1850561        490              490              1.7995e-06      
 1          18         10.778588        1          1          1          2          10               1.2354011        490              490              1.7284982e-06   
 1          19         11.700655        1          1          1          2          9.9999999        1.2859954        490              490              1.6625915e-06   
 1          20         12.668826        1          1          1          2          9.9999997        1.33692          490              490              1.6011644e-06   
 1          21         13.685405        1          1          1          2          9.9999992        1.3882484        490              490              1.5437034e-06   
 1          22         14.752814        1          1          1          2          9.999998         1.4400486        490              490              1.4897779e-06   
 1          23         15.873592        1          1          1          2          9.9999955        1.4923836        490              490              1.4390195e-06   
 1          24         17.05041         1          1          1          2          9.9999901        1.5453126        490.00001        490.00001        1.3911144e-06   
 1          25         18.286069        1          1          1          2          9.9999793        1.5988918        490.00002        490.00002        1.3457956e-06   
 1          26         19.58351         1          1          1          2          9.999959         1.6531745        490.00004        490.00004        1.3028272e-06   
 1          27         20.945824        1          1          1          2          9.9999218        1.708212         490.00008        490.00008        1.2620059e-06   
 1          28         22.376253        1          1          1          2          9.9998567        1.7640538        490.00014        490.00014        1.2231534e-06   
 1          29         23.878204        1          1          1          2          9.9997466        1.8207481        490.00025        490.00025        1.1861109e-06   
 1          30         25.455252        1          1          1          2          9.9995663        1.8783417        490.00043        490.00043        1.1507425e-06   
 1          31         27.111152        1          1          1          2          9.9992799        1.9368808        490.00072        490.00072        1.1169207e-06   
 1          32         28.849848        1          1          1          2          9.9988377        1.9964107        490.00116        490.00116        1.0845377e-06   
 1          33         30.675479        1          1          1          2          9.9981729        2.0569764        490.00183        490.00183        1.0534942e-06   
 1          34         32.592391        1          1          1          2          9.9971978        2.1186223        490.0028         490.0028         1.0236996e-06   
 1          35         34.605148        1          1          1          2          9.9958002        2.1813928        490.0042         490.0042         9.9507627e-07   
 1          36         36.718544        1          1          1          2          9.9938401        2.2453322        490.00616        490.00616        9.6754782e-07   
 1          37         38.937609        1          1          1          2          9.9911463        2.3104848        490.00885        490.00885        9.4105224e-07   
 1          38         41.267627        1          1          1          2          9.9875141        2.3768949        490.01249        490.01249        9.1552612e-07   
 1          39         43.714147        1          1          1          2          9.9827036        2.4446072        490.0173         490.0173         8.9091665e-07   
 1          40         46.282992        1          1          1          2          9.9764387        2.5136666        490.02356        490.02356        8.6717189e-07   
 1          41         48.98028         1          1          1          2          9.9684079        2.5841185        490.03159        490.03159        8.4424688e-07   
 1          42         51.812432        1          1          1          2          9.9582653        2.6560085        490.04173        490.04173        8.2210004e-07   
 1          43         54.786192        1          1          1          2          9.9456338        2.7293831        490.05437        490.05437        8.0069297e-07   
 1          44         57.908639        1          1          1          2          9.9301085        2.8042889        490.06989        490.06989        7.7998898e-07   
 1          45         61.187209        1          1          1          2          9.9112619        2.8807735        490.08874        490.08874        7.5995342e-07   
 1          46         64.629708        1          1          1          2          9.8886495        2.9588851        490.11135        490.11135        7.4055804e-07   
 1          47         68.244331        1          1          1          2          9.8618164        3.0386724        490.13818        490.13818        7.2177568e-07   
 1          48         72.039686        1          1          1          2          9.830304         3.120185         490.1697         490.1697         7.0358015e-07   
 1          49         76.024808        1          1          1          2          9.7936575        3.2034734        490.20634        490.20634        6.8594879e-07   
 1          50         80.209187        1          1          1          2          9.7514327        3.2885887        490.24857        490.24857        6.6885862e-07   
 1          51         84.602784        1          1          1          2          9.7032036        3.3755825        490.2968         490.2968         6.5229283e-07   
 1          52         89.216062        1          1          1          2          9.6485683        3.4645076        490.35143        490.35143        6.362335e-07    
 1          53         94.060003        1          1          1          2          9.587156         3.555417         490.41284        490.41284        6.2066715e-07   
 1          54         99.146141        1          1          1          2          9.5186316        3.6483641        490.48137        490.48137        6.0557661e-07   
 1          55         104.48659        1          1          1          2          9.4427009        3.7434027        490.5573         490.5573         5.9095073e-07   
 1          56         110.09405        1          1          1          2          9.359114         3.8405864        490.64089        490.64089        5.7677945e-07   
 1          57         115.98189        1          1          1          2          9.2676685        3.9399683        490.73233        490.73233        5.6305015e-07   
 1          58         122.16413        1          1          1          2          9.1682109        4.0416005        490.83179        490.83179        5.4975417e-07   
 1          59         128.65547        1          1          1          2          9.0606383        4.1455333        490.93936        490.93936        5.3688225e-07   
 1          60         135.47138        1          1          1          2          8.9448983        4.2518146        491.0551         491.0551         5.2442459e-07   
 1          61         142.62809        1          1          1          2          8.8209885        4.360489         491.17901        491.17901        5.1237369e-07   
 1          62         150.14263        1          1          1          2          8.6889553        4.4715967        491.31104        491.31104        5.0072217e-07   
 1          63         158.0329         1          1          1          2          8.5488921        4.5851721        491.45111        491.45111        4.8945767e-07   
 1          64         166.31769        1          1          1          2          8.4009371        4.7012426        491.59906        491.59906        4.785719e-07    
 1          65         175.01671        1          1          1          2          8.2452705        4.8198271        491.75473        491.75473        4.6805532e-07   
 1          66         184.15068        1          1          1          2          8.0821118        4.9409345        491.91789        491.91789        4.5789564e-07   
 1          67         193.74135        1          1          1          2          7.9117167        5.0645616        492.08828        492.08828        4.4808716e-07   
 1          68         203.81156        1          1          1          2          7.734374         5.1906923        492.26563        492.26563        4.3861445e-07   
 1          69         214.38528        1          1          1          2          7.5504027        5.3192947        492.4496         492.4496         4.2946437e-07   
 1          70         225.48768        1          1          1          2          7.3601491        5.4503206        492.63985        492.63985        4.2062695e-07   
 1          71         237.1452         1          1          1          2          7.1639846        5.583703         492.83602        492.83602        4.1208886e-07   
 1          72         249.3856         1          1          1          2          6.9623034        5.719355         493.0377         493.0377         4.0384001e-07   
 1          73         262.23802        1          1          1          2          6.7555203        5.8571685        493.24448        493.24448        3.9586597e-07   
 1          74         275.73305        1          1          1          2          6.54407          5.9970131        493.45593        493.45593        3.8815513e-07   
 1          75         289.90284        1          1          1          2          6.3284056        6.1387348        493.67159        493.67159        3.8069563e-07   
 1          76         304.78113        1          1          1          2          6.1089978        6.282156         493.891          493.891          3.7347668e-07   
 1          77         320.40332        1          1          1          2          5.8863353        6.4270744        494.11366        494.11366        3.6648749e-07   
 1          78         336.80662        1          1          1          2          5.6609237        6.5732638        494.33908        494.33908        3.5971773e-07   
 1          79         354.03009        1          1          1          2          5.4332862        6.7204735        494.56671        494.56671        3.5316118e-07   
 1          80         372.11474        1          1          1          2          5.2039635        6.8684296        494.79604        494.79604        3.4680832e-07   
 1          81         391.10361        1          1          1          2          4.9735131        7.0168356        495.02649        495.02649        3.4065468e-07   
 1          82         411.04193        1          1          1          2          4.7425099        7.1653737        495.25749        495.25749        3.3469449e-07   
 1          83         431.97716        1          1          1          2          4.5115446        7.3137068        495.48846        495.48846        3.2892461e-07   
 1          84         453.95916        1          1          1          2          4.2812228        7.4614803        495.71878        495.71878        3.233409e-07    
 1          85         477.04026        1          1          1          2          4.0521636        7.6083244        495.94784        495.94784        3.1794339e-07   
 1          86         501.27541        1          1          1          2          3.8249963        7.753857         496.175          496.175          3.1273188e-07   
 1          87         526.72232        1          1          1          2          3.6003582        7.8976868        496.39964        496.39964        3.0770628e-07   
 1          88         553.44157        1          1          1          2          3.3788902        8.0394168        496.62111        496.62111        3.0286558e-07   
 1          89         581.49679        1          1          1          2          3.1612324        8.1786477        496.83877        496.83877        2.9821505e-07   
 1          90         610.95476        1          1          1          2          2.948019         8.3149825        497.05198        497.05198        2.9375832e-07   
 1          91         641.88564        1          1          1          2          2.7398723        8.44803          497.26013        497.26013        2.8949548e-07   
 1          92         674.36306        1          1          1          2          2.5373967        8.5774101        497.4626         497.4626         2.8543051e-07   
 1          93         708.46435        1          1          1          2          2.3411714        8.7027577        497.65883        497.65883        2.815663e-07    
 1          94         744.27071        1          1          1          2          2.1517443        8.8237277        497.84826        497.84826        2.7790522e-07   
 1          95         781.86738        1          1          1          2          1.9696243        8.9399997        498.03038        498.03038        2.7444815e-07   
 1          96         821.34389        1          1          1          2          1.7952745        9.0512822        498.20473        498.20473        2.7119742e-07   
 1          97         862.79422        1          1          1          2          1.6291058        9.1573171        498.37089        498.37089        2.6815223e-07   
 1          98         906.31707        1          1          1          2          1.4714701        9.2578839        498.52853        498.52853        2.6531005e-07   
 1          99         952.01606        1          1          1          2          1.3226553        9.3528028        498.67734        498.67734        2.6266976e-07   
 1          100        1000             1          1          1          2          1.1828802        9.4419378        498.81712        498.81712        2.6022863e-07   
