 IPER  ISTEP  TLEN  STAIN  CSTIN  IBEIN  IBVIN  WSTIN  CNHIN  STAOUT  CSTOUT  IBEOUT  IBVOUT  WSTOUT  CNHOUT  ABER  RBER
 1          1          0.38313807       0                0                0                0.002903987      0                0                0                0                0                0                0                0.002903987      0                0               
 1          2          0.78543304       0                0                0                0.0059445415     0                0                0                0                0                0                0                0.0059445415     0                0               
 1          3          1.2078428        0                0                0                0.009127649      0                0                0                0                0                0                0                0.009127649      -4.3368087e-19   0               
 1          4          1.651373         0                0                0                0.012459514      0                0                0                0                0                0                0                0.012459514      -4.3368087e-19   0               
 1          5          2.1170797        0                0                0                0.015946564      0                0                0                0                0                0                0                0.015946564      0                0               
 1          6          2.6060717        0                0                0                0.019595454      0                0                0                0                0                0                0                0.019595454      4.3368087e-19    0               
 1          7          3.1195134        0                0                0                0.023413065      0                0                0                0                0                0                0                0.023413065      8.6736174e-19    0               
 1          8          3.6586271        0                0                0                0.027406513      0                0                0                0                2.4422522e-17    0                0                0.027406513      8.6736174e-19    0               
 1          9          4.2246966        0                0                0                0.031583144      0                0                0                0                2.4422522e-17    0                0                0.031583144      8.6736174e-19    0               
 1          10         4.8190695        0                0                0                0.035950539      0                0                0                0                2.4422522e-17    0                0                0.035950539      8.6736174e-19    0               
 1          11         5.443161         0                0                0                0.040516513      0                0                0                0                3.6633782e-17    0                0                0.040516513      8.6736174e-19    0               
 1          12         6.0984571        0                0                0                0.045289115      0                0                0                0                6.1056304e-17    0                0                0.045289115      8.6736174e-19    0               
 1          13         6.7865181        0                0                0                0.050276623      0                0                0                0                6.1056304e-17    0                0                0.050276623      8.6736174e-19    0               
 1          14         7.508982         0                0                0                0.055487548      0                0                0                0                6.1056304e-17    0                0                0.055487548      8.6736174e-19    0               
 1          15         8.2675692        0                0                2.4422522e-17    0.060930622      0                0                0                0                6.1056304e-17    0                0                0.060930622      8.6736174e-19    0               
 1          16         9.0640857        0                0                2.4422522e-17    0.0666148        0                0                0                0                6.1056304e-17    0                0                0.0666148        8.6736174e-19    0               
 1          17         9.9004281        0                0                2.4422522e-17    0.072549248      0                0                0                0                6.1056304e-17    0                0                0.072549248      8.6736174e-19    0               
 1          18         10.778588        0                0                2.4422522e-17    0.078743338      0                0                0                0                6.1056304e-17    0                0                0.078743338      1.7347235e-18    0               
 1          19         11.700655        0                0                2.4422522e-17    0.085206638      0                0                0                0                6.1056304e-17    0                0                0.085206638      1.7347235e-18    0               
 1          20         12.668826        0                0                2.4422522e-17    0.091948901      0                0                0                0                6.1056304e-17    0                0                0.091948901      1.7347235e-18    0               
 1          21         13.685405        0                0                2.4422522e-17    0.09898005       0                0                0                0                6.1056304e-17    0                0                0.09898005       1.7347235e-18    0               
 1          22         14.752814        0                0                2.4422522e-17    0.10631017       0                0                0                0                6.1056304e-17    0                0                0.10631017       1.7347235e-18    0               
 1          23         15.873592        0                0                2.4422522e-17    0.11394947       0                0                0                0                7.3267565e-17    0                0                0.11394947       2.6020852e-18    0               
 1          24         17.05041         0                0                2.4422522e-17    0.1219083        0                0                0                0                7.3267565e-17    0                0                0.1219083        2.6020852e-18    0               
 1          25         18.286069        0                0                2.4422522e-17    0.1301971        0                0                0                0                7.3267565e-17    0                0                0.1301971        2.6020852e-18    0               
 1          26         19.58351         0                0                2.4422522e-17    0.13882639       0                0                0                0                7.3267565e-17    0                0                0.13882639       4.3368087e-18    0               
 1          27         20.945824        0                0                2.4422522e-17    0.14780672       0                0                0                0                8.5478825e-17    0                0                0.14780672       4.3368087e-18    0               
 1          28         22.376253        0                0                2.4422522e-17    0.1571487        0                0                0                0                8.5478825e-17    0                0                0.1571487        4.3368087e-18    0               
 1          29         23.878204        0                0                2.4422522e-17    0.1668629        0                0                0                0                8.5478825e-17    0                0                0.1668629        4.3368087e-18    0               
 1          30         25.455252        0                0                2.4422522e-17    0.17695987       0                0                0                0                8.5478825e-17    0                0                0.17695987       4.3368087e-18    0               
 1          31         27.111152        0                0                2.4422522e-17    0.18745008       0                0                0                0                8.5478825e-17    0                0                0.18745008       4.3368087e-18    0               
 1          32         28.849848        0                0                2.4422522e-17    0.19834388       0                0                0                0                8.5478825e-17    0                0                0.19834388       4.3368087e-18    0               
 1          33         30.675479        0                0                2.4422522e-17    0.20965149       0                0                0                0                8.5478825e-17    0                0                0.20965149       4.3368087e-18    0               
 1          34         32.592391        0                0                2.4422522e-17    0.22138293       0                0                0                0                8.5478825e-17    0                0                0.22138293       2.6020852e-18    0               
 1          35         34.605148        0                0                2.4422522e-17    0.23354798       0                0                0                0                8.5478825e-17    0                0                0.23354798       8.6736174e-19    0               
 1          36         36.718544        0                0                2.4422522e-17    0.24615617       0                0                0                0                8.5478825e-17    0                0                0.24615617       8.6736174e-19    0               
 1          37         38.937609        0                0                2.4422522e-17    0.25921671       0                0                0                0                8.5478825e-17    0                0                0.25921671       -8.6736174e-19   0               
 1          38         41.267627        0                0                2.4422522e-17    0.27273842       0                0                0                0                8.5478825e-17    0                0                0.27273842       -8.6736174e-19   0               
 1          39         43.714147        0                0                2.4422522e-17    0.28672976       0                0                0                0                8.5478825e-17    0                0                0.28672976       -8.6736174e-19   0               
 1          40         46.282992        0                0                2.4422522e-17    0.30119872       0                0                0                0                8.5478825e-17    0                0                0.30119872       -8.6736174e-19   0               
 1          41         48.98028         0                0                2.4422522e-17    0.3161528        0                0                0                0                8.5478825e-17    0                0                0.3161528        -8.6736174e-19   0               
 1          42         51.812432        0                0                2.4422522e-17    0.33159901       0                0                0                0                8.5478825e-17    0                0                0.33159901       -8.6736174e-19   0               
 1          43         54.786192        0                0                2.4422522e-17    0.34754375       0                0                0                0                8.5478825e-17    0                0                0.34754375       -8.6736174e-19   0               
 1          44         57.908639        0                0                2.4422522e-17    0.36399287       0                0                0                0                8.5478825e-17    0                0                0.36399287       -8.6736174e-19   0               
 1          45         61.187209        0                0                2.4422522e-17    0.38095158       0                0                0                0                8.5478825e-17    0                0                0.38095158       -8.6736174e-19   0               
 1          46         64.629708        0                0                2.4422522e-17    0.39842446       0                0                0                0                8.5478825e-17    0                0                0.39842446       -8.6736174e-19   0               
 1          47         68.244331        0                0                2.4422522e-17    0.41641544       0                0                0                0                8.5478825e-17    0                0                0.41641544       2.6020852e-18    0               
 1          48         72.039686        0                0                2.4422522e-17    0.43492778       0                0                0                0                8.5478825e-17    0                0                0.43492778       2.6020852e-18    0               
 1          49         76.024808        0                0                2.4422522e-17    0.45396409       0                0                0                0                8.5478825e-17    0                0                0.45396409       2.6020852e-18    0               
 1          50         80.209187        0                0                2.4422522e-17    0.47352633       0                0                0                0                8.5478825e-17    0                0                0.47352633       6.0715322e-18    0               
 1          51         84.602784        0                0                2.4422522e-17    0.49361585       0                0                0                0                8.5478825e-17    0                0                0.49361585       6.0715322e-18    0               
 1          52         89.216062        0                0                2.4422522e-17    0.5142334        0                0                0                0                8.5478825e-17    0                0                0.5142334        6.0715322e-18    0               
 1          53         94.060003        0                0                2.4422522e-17    0.5353792        0                0                0                0                8.5478825e-17    0                0                0.5353792        6.0715322e-18    0               
 1          54         99.146141        0                0                2.4422522e-17    0.55705297       0                0                0                0                8.5478825e-17    0                0                0.55705297       6.0715322e-18    0               
 1          55         104.48659        0                0                2.4422522e-17    0.57925404       0                0                0                0                8.5478825e-17    0                0                0.57925404       6.0715322e-18    0               
 1          56         110.09405        0                0                2.4422522e-17    0.60198139       0                0                0                0                8.5478825e-17    0                0                0.60198139       9.5409791e-18    0               
 1          57         115.98189        0                0                2.4422522e-17    0.62523379       0                0                0                0                8.5478825e-17    0                0                0.62523379       6.0715322e-18    0               
 1          58         122.16413        0                0                2.4422522e-17    0.64900988       0                0                0                0                8.5478825e-17    0                0                0.64900988       6.0715322e-18    0               
 1          59         128.65547        0                0                2.4422522e-17    0.67330828       0                0                0                0                8.5478825e-17    0                0                0.67330828       6.0715322e-18    0               
 1          60         135.47138        0                0                2.4422522e-17    0.69812775       0                0                0                0                8.5478825e-17    0                0                0.69812775       6.0715322e-18    0               
 1          61         142.62809        0                0                2.4422522e-17    0.7234673        0                0                0                0                8.5478825e-17    0                0                0.7234673        6.0715322e-18    0               
 1          62         150.14263        0                0                2.4422522e-17    0.74932635       0                0                0                0                8.5478825e-17    0                0                0.74932635       6.0715322e-18    0               
 1          63         158.0329         0                0                2.4422522e-17    0.77570486       0                0                0                0                8.5478825e-17    0                0                0.77570486       6.0715322e-18    0               
 1          64         166.31769        0                0                2.4422522e-17    0.80260348       0                0                0                0                8.5478825e-17    0                0                0.80260348       6.0715322e-18    0               
 1          65         175.01671        0                0                2.4422522e-17    0.83002368       0                0                0                0                8.5478825e-17    0                0                0.83002368       6.0715322e-18    0               
 1          66         184.15068        0                0                2.4422522e-17    0.85796795       0                0                0                0                8.5478825e-17    0                0                0.85796795       2.6020852e-18    0               
 1          67         193.74135        0                0                2.4422522e-17    0.88643983       0                0                0                0                8.5478825e-17    0                0                0.88643983       2.6020852e-18    0               
 1          68         203.81156        0                0                2.4422522e-17    0.9154441        0                0                0                0                8.5478825e-17    0                0                0.9154441        2.6020852e-18    0               
 1          69         214.38528        0                0                2.4422522e-17    0.94498689       0                0                0                0                8.5478825e-17    0                0                0.94498689       2.6020852e-18    0               
 1          70         225.48768        0                0                2.4422522e-17    0.97507572       0                0                0                0                8.5478825e-17    0                0                0.97507572       2.6020852e-18    0               
 1          71         237.1452         0                0                2.4422522e-17    1.0057196        0                0                0                0                8.5478825e-17    0                0                1.0057196        2.6020852e-18    0               
 1          72         249.3856         0                0                2.4422522e-17    1.0369291        0                0                0                0                8.5478825e-17    0                0                1.0369291        2.6020852e-18    0               
 1          73         262.23802        0                0                2.4422522e-17    1.0687162        0                0                0                0                8.5478825e-17    0                0                1.0687162        9.5409791e-18    0               
 1          74         275.73305        0                0                2.4422522e-17    1.1010947        0                0                0                0                8.5478825e-17    0                0                1.1010947        9.5409791e-18    0               
 1          75         289.90284        0                0                2.4422522e-17    1.1340798        0                0                0                0                8.5478825e-17    0                0                1.1340798        9.5409791e-18    0               
 1          76         304.78113        0                0                2.4422522e-17    1.1676881        0                0                0                0                8.5478825e-17    0                0                1.1676881        2.6020852e-18    0               
 1          77         320.40332        0                0                2.4422522e-17    1.2019378        0                0                0                0                8.5478825e-17    0                0                1.2019378        2.6020852e-18    0               
 1          78         336.80662        0                0                2.4422522e-17    1.2368484        0                0                0                0                8.5478825e-17    0                0                1.2368484        2.6020852e-18    0               
 1          79         354.03009        0                0                2.4422522e-17    1.2724409        0                0                0                0                8.5478825e-17    0                0                1.2724409        2.6020852e-18    0               
 1          80         372.11474        0                0                2.4422522e-17    1.308737         0                0                0                0                8.5478825e-17    0                0                1.308737         2.6020852e-18    0               
 1          81         391.10361        0                0                2.4422522e-17    1.3457601        0                0                0                0                8.5478825e-17    0                0                1.3457601        2.6020852e-18    0               
 1          82         411.04193        0                0                2.4422522e-17    1.383534         0                0                0                0                8.5478825e-17    0                0                1.383534         2.6020852e-18    0               
 1          83         431.97716        0                0                2.4422522e-17    1.4220838        0                0                0                0                8.5478825e-17    0                0                1.4220838        2.6020852e-18    0               
 1          84         453.95916        0                0                2.4422522e-17    1.4614351        0                0                0                0                8.5478825e-17    0                0                1.4614351        2.6020852e-18    0               
 1          85         477.04026        0                0                2.4422522e-17    1.5016144        0                0                0                0                8.5478825e-17    0                0                1.5016144        -4.3368087e-18   0               
 1          86         501.27541        0                0                2.4422522e-17    1.5426486        0                0                0                0                8.5478825e-17    0                0                1.5426486        -4.3368087e-18   0               
 1          87         526.72232        0                0                2.4422522e-17    1.5845652        0                0                0                0                8.5478825e-17    0                0                1.5845652        -4.3368087e-18   0               
 1          88         553.44157        0                0                2.4422522e-17    1.6273923        0                0                0                0                8.5478825e-17    0                0                1.6273923        -4.3368087e-18   0               
 1          89         581.49679        0                0                2.4422522e-17    1.6711583        0                0                0                0                8.5478825e-17    0                0                1.6711583        -4.3368087e-18   0               
 1          90         610.95476        0                0                2.4422522e-17    1.7158921        0                0                0                0                8.5478825e-17    0                0                1.7158921        -4.3368087e-18   0               
 1          91         641.88564        0                0                2.4422522e-17    1.7616228        0                0                0                0                8.5478825e-17    0                0                1.7616228        -4.3368087e-18   0               
 1          92         674.36306        0                0                2.4422522e-17    1.8083802        0                0                0                0                8.5478825e-17    0                0                1.8083802        -4.3368087e-18   0               
 1          93         708.46435        0                0                2.4422522e-17    1.8561943        0                0                0                0                8.5478825e-17    0                0                1.8561943        -4.3368087e-18   0               
 1          94         744.27071        0                0                2.4422522e-17    1.9050954        0                0                0                0                8.5478825e-17    0                0                1.9050954        -1.1275703e-17   0               
 1          95         781.86738        0                0                2.4422522e-17    1.9551147        0                0                0                0                8.5478825e-17    0                0                1.9551147        -1.1275703e-17   0               
 1          96         821.34389        0                0                2.4422522e-17    2.0062833        0                0                0                0                8.5478825e-17    0                0                2.0062833        -1.1275703e-17   0               
 1          97         862.79422        0                0                2.4422522e-17    2.0586333        0                0                0                0                8.5478825e-17    0                0                2.0586333        -4.3368087e-18   0               
 1          98         906.31707        0                0                2.4422522e-17    2.112197         0                0                0                0                8.5478825e-17    0                0                2.112197         -4.3368087e-18   0               
 1          99         952.01606        0                0                2.4422522e-17    2.1670075        0                0                0                0                8.5478825e-17    0                0                2.1670075        -4.3368087e-18   0               
 1          100        1000             0                0                2.4422522e-17    2.2230984        0                0                0                0                8.5478825e-17    0                0                2.2230984        -4.3368087e-18   0               
